1
0.000000
0

1
0.000000
1
1.000000 1.000000 1.000000 1 0

1
0.000000
1
1.000000 1.000000 1.000000 1 1

6
2.538513
2
1.000000 1.000000 1.000000 1 0
0.500000 1.500000 1.000000 1 0

12
2.538513
2
1.000000 1.000000 1.000000 1 1
0.500000 1.500000 1.000000 1 0

6
2.538513
2
1.000000 1.000000 1.000000 1 1
0.500000 1.500000 1.000000 1 1

3
3.590000
2
1.000000 1.000000 1.000000 1 0
-0.000000 1.000000 1.000000 1 0

6
3.590000
2
1.000000 1.000000 1.000000 1 1
-0.000000 1.000000 1.000000 1 0

3
3.590000
2
1.000000 1.000000 1.000000 1 1
-0.000000 1.000000 1.000000 1 1

12
4.396834
2
1.000000 1.000000 1.000000 1 0
-0.000000 1.500000 1.500000 1 0

24
4.396834
2
1.000000 1.000000 1.000000 1 1
-0.000000 1.500000 1.500000 1 0

12
4.396834
2
1.000000 1.000000 1.000000 1 1
-0.000000 1.500000 1.500000 1 1

6
5.077027
2
1.000000 1.000000 1.000000 1 0
-0.000000 1.000000 2.000000 1 0

12
5.077027
2
1.000000 1.000000 1.000000 1 1
-0.000000 1.000000 2.000000 1 0

6
5.077027
2
1.000000 1.000000 1.000000 1 1
-0.000000 1.000000 2.000000 1 1

8
2.538513
3
1.000000 1.000000 1.000000 1 0
0.500000 1.500000 1.000000 1 0
0.500000 1.000000 1.500000 1 0

24
2.538513
3
1.000000 1.000000 1.000000 1 1
0.500000 1.500000 1.000000 1 0
0.500000 1.000000 1.500000 1 0

24
2.538513
3
1.000000 1.000000 1.000000 1 1
0.500000 1.500000 1.000000 1 1
0.500000 1.000000 1.500000 1 0

8
2.538513
3
1.000000 1.000000 1.000000 1 1
0.500000 1.500000 1.000000 1 1
0.500000 1.000000 1.500000 1 1

